0 info it worked if it ends with ok
1 verbose cli [ '/Users/noqcks/.nvm/v0.10.36/bin/node',
1 verbose cli   '/Users/noqcks/.nvm/v0.10.36/bin/npm',
1 verbose cli   'install',
1 verbose cli   'request@2.50.1' ]
2 info using npm@1.4.28
3 info using node@v0.10.36
4 verbose cache add [ 'request@2.50.1', null ]
5 verbose cache add name=undefined spec="request@2.50.1" args=["request@2.50.1",null]
6 verbose parsed url { protocol: null,
6 verbose parsed url   slashes: null,
6 verbose parsed url   auth: null,
6 verbose parsed url   host: null,
6 verbose parsed url   port: null,
6 verbose parsed url   hostname: null,
6 verbose parsed url   hash: null,
6 verbose parsed url   search: null,
6 verbose parsed url   query: null,
6 verbose parsed url   pathname: 'request@2.50.1',
6 verbose parsed url   path: 'request@2.50.1',
6 verbose parsed url   href: 'request@2.50.1' }
7 verbose cache add name="request" spec="2.50.1" args=["request","2.50.1"]
8 verbose parsed url { protocol: null,
8 verbose parsed url   slashes: null,
8 verbose parsed url   auth: null,
8 verbose parsed url   host: null,
8 verbose parsed url   port: null,
8 verbose parsed url   hostname: null,
8 verbose parsed url   hash: null,
8 verbose parsed url   search: null,
8 verbose parsed url   query: null,
8 verbose parsed url   pathname: '2.50.1',
8 verbose parsed url   path: '2.50.1',
8 verbose parsed url   href: '2.50.1' }
9 verbose addNamed [ 'request', '2.50.1' ]
10 verbose addNamed [ '2.50.1', '2.50.1' ]
11 silly lockFile 2bde5c60-request-2-50-1 request@2.50.1
12 verbose lock request@2.50.1 /Users/noqcks/.npm/2bde5c60-request-2-50-1.lock
13 verbose request where is /request
14 verbose request registry https://registry.npmjs.org/
15 verbose request id 32ed7908600c8d3c
16 verbose url raw /request
17 verbose url resolving [ 'https://registry.npmjs.org/', './request' ]
18 verbose url resolved https://registry.npmjs.org/request
19 verbose request where is https://registry.npmjs.org/request
20 info trying registry request attempt 1 at 14:14:17
21 verbose etag "CAZ446S4KORMN1QS9USNF0MC2"
22 http GET https://registry.npmjs.org/request
23 http 304 https://registry.npmjs.org/request
24 silly registry.get cb [ 304,
24 silly registry.get   { date: 'Sat, 12 Mar 2016 19:14:17 GMT',
24 silly registry.get     via: '1.1 varnish',
24 silly registry.get     'cache-control': 'max-age=300',
24 silly registry.get     etag: '"CAZ446S4KORMN1QS9USNF0MC2"',
24 silly registry.get     age: '287',
24 silly registry.get     connection: 'keep-alive',
24 silly registry.get     'x-served-by': 'cache-dfw1822-DFW',
24 silly registry.get     'x-cache': 'HIT',
24 silly registry.get     'x-cache-hits': '2',
24 silly registry.get     'x-timer': 'S1457810057.896853,VS0,VE0',
24 silly registry.get     vary: 'Accept' } ]
25 verbose etag https://registry.npmjs.org/request from cache
26 silly lockFile 2bde5c60-request-2-50-1 request@2.50.1
27 silly lockFile 2bde5c60-request-2-50-1 request@2.50.1
28 error Error: version not found: request@2.50.1
28 error     at /Users/noqcks/.nvm/v0.10.36/lib/node_modules/npm/lib/cache/add-named.js:125:12
28 error     at saved (/Users/noqcks/.nvm/v0.10.36/lib/node_modules/npm/node_modules/npm-registry-client/lib/get.js:167:7)
28 error     at Object.oncomplete (fs.js:108:15)
29 error If you need help, you may report this *entire* log,
29 error including the npm and node versions, at:
29 error     <http://github.com/npm/npm/issues>
30 error System Darwin 15.3.0
31 error command "/Users/noqcks/.nvm/v0.10.36/bin/node" "/Users/noqcks/.nvm/v0.10.36/bin/npm" "install" "request@2.50.1"
32 error cwd /Users/noqcks/data/alexa/sentiment
33 error node -v v0.10.36
34 error npm -v 1.4.28
35 verbose exit [ 1, true ]
